<?xml version="1.0" encoding="UTF-8"?>
<!-- Generated by org.testng.reporters.JUnitXMLReporter -->
<testsuite hostname="DESKTOP-DKHP1QL" ignored="0" name="Smoke Test" tests="0" failures="0" timestamp="28 May 2018 23:27:29 GMT" time="0.192" errors="0">
  <testcase name="@BeforeClass setUpClass" time="0.165" classname="cucumber.api.testng.AbstractTestNGCucumberTests">
    <failure type="java.lang.IllegalArgumentException" message="Not a file or directory: C:\Users\Dell_J\Intellij Projects\fourtstaytesting\first">
      <![CDATA[java.lang.IllegalArgumentException: Not a file or directory: C:\Users\Dell_J\Intellij Projects\fourtstaytesting\first
at cucumber.runtime.io.FileResourceIterator$FileIterator.<init>(FileResourceIterator.java:63)
at cucumber.runtime.io.FileResourceIterator.<init>(FileResourceIterator.java:28)
at cucumber.runtime.io.FileResourceIterator.createFileResourceIterator(FileResourceIterator.java:14)
at cucumber.runtime.io.FileResourceIterable.iterator(FileResourceIterable.java:19)
at cucumber.runtime.model.CucumberFeature.loadRerunFile(CucumberFeature.java:64)
at cucumber.runtime.RuntimeOptions.processRerunFiles(RuntimeOptions.java:431)
at cucumber.runtime.RuntimeOptions.getLineFilters(RuntimeOptions.java:424)
at cucumber.runtime.Runtime.<init>(Runtime.java:75)
at cucumber.runtime.Runtime.<init>(Runtime.java:46)
at cucumber.runtime.Runtime.<init>(Runtime.java:42)
at cucumber.api.testng.TestNGCucumberRunner.<init>(TestNGCucumberRunner.java:48)
at cucumber.api.testng.AbstractTestNGCucumberTests.setUpClass(AbstractTestNGCucumberTests.java:16)
... Removed 30 stack frames]]>
    </failure>
  </testcase> <!-- @BeforeClass setUpClass -->
</testsuite> <!-- Smoke Test -->
