<?xml version="1.0" encoding="UTF-8"?>
<testng-results skipped="0" failed="0" ignored="0" total="1" passed="1">
  <reporter-output>
    <line>
      <![CDATA[<div "result">the user is on the fourstay home page (PASSED : 4s)</div>]]>
    </line>
    <line>
      <![CDATA[<div "result">the user clicks on the registration options (PASSED : 1s)</div>]]>
    </line>
  </reporter-output>
  <suite name="Smoke Test" duration-ms="6790" started-at="2018-06-01T01:16:36Z" finished-at="2018-06-01T01:16:43Z">
    <groups>
      <group name="cucumber">
        <method signature="AbstractTestNGCucumberTests.runScenario(cucumber.api.testng.PickleEventWrapper, cucumber.api.testng.CucumberFeatureWrapper)[pri:0, instance:com.fourstay.runners.CukesRunner@10bbd20a]" name="runScenario" class="cucumber.api.testng.AbstractTestNGCucumberTests"/>
      </group> <!-- cucumber -->
    </groups>
    <test name="Smoke Test" duration-ms="6790" started-at="2018-06-01T01:16:36Z" finished-at="2018-06-01T01:16:43Z">
      <class name="com.fourstay.runners.CukesRunner">
        <test-method status="PASS" signature="setUpClass()[pri:0, instance:com.fourstay.runners.CukesRunner@10bbd20a]" name="setUpClass" is-config="true" duration-ms="123" started-at="2018-06-01T01:16:36Z" finished-at="2018-06-01T01:16:36Z">
          <reporter-output>
          </reporter-output>
        </test-method> <!-- setUpClass -->
        <test-method status="PASS" signature="runScenario(cucumber.api.testng.PickleEventWrapper, cucumber.api.testng.CucumberFeatureWrapper)[pri:0, instance:com.fourstay.runners.CukesRunner@10bbd20a]" name="runScenario" duration-ms="6464" started-at="2018-06-01T01:16:36Z" description="Runs Cucumber Scenarios" data-provider="scenarios" finished-at="2018-06-01T01:16:43Z">
          <params>
            <param index="0">
              <value>
                <![CDATA["Go to home page and check for basic elements"]]>
              </value>
            </param>
            <param index="1">
              <value>
                <![CDATA["Checking basic features on home page"]]>
              </value>
            </param>
          </params>
          <reporter-output>
            <line>
              <![CDATA[<div "result">the user is on the fourstay home page (PASSED : 4s)</div>]]>
            </line>
            <line>
              <![CDATA[<div "result">the user clicks on the registration options (PASSED : 1s)</div>]]>
            </line>
          </reporter-output>
        </test-method> <!-- runScenario -->
        <test-method status="PASS" signature="tearDownClass()[pri:0, instance:com.fourstay.runners.CukesRunner@10bbd20a]" name="tearDownClass" is-config="true" duration-ms="115" started-at="2018-06-01T01:16:43Z" finished-at="2018-06-01T01:16:43Z">
          <reporter-output>
          </reporter-output>
        </test-method> <!-- tearDownClass -->
      </class> <!-- com.fourstay.runners.CukesRunner -->
    </test> <!-- Smoke Test -->
  </suite> <!-- Smoke Test -->
</testng-results>
