<?xml version="1.0" encoding="UTF-8"?>
<testng-results skipped="0" failed="0" ignored="0" total="1" passed="1">
  <reporter-output>
    <line>
      <![CDATA[<div "result">the user sends a request for zero names (PASSED : 1s)</div>]]>
    </line>
    <line>
      <![CDATA[<div "result">we should get back a invalid status code of 400 (PASSED : 0s)</div>]]>
    </line>
    <line>
      <![CDATA[<div "result">the error message should say &quot;Amount of requested names exceeds maximum allowed&quot; (PASSED : 0s)</div>]]>
    </line>
  </reporter-output>
  <suite name="Default suite" duration-ms="2376" started-at="2018-06-03T01:28:24Z" finished-at="2018-06-03T01:28:27Z">
    <groups>
      <group name="cucumber">
        <method signature="AbstractTestNGCucumberTests.runScenario(cucumber.api.testng.PickleEventWrapper, cucumber.api.testng.CucumberFeatureWrapper)[pri:0, instance:com.fourstay.runners.CukesRunner@1d371b2d]" name="runScenario" class="cucumber.api.testng.AbstractTestNGCucumberTests"/>
      </group> <!-- cucumber -->
    </groups>
    <test name="Default test" duration-ms="2376" started-at="2018-06-03T01:28:24Z" finished-at="2018-06-03T01:28:27Z">
      <class name="com.fourstay.runners.CukesRunner">
        <test-method status="PASS" signature="setUpClass()[pri:0, instance:com.fourstay.runners.CukesRunner@1d371b2d]" name="setUpClass" is-config="true" duration-ms="158" started-at="2018-06-03T01:28:24Z" finished-at="2018-06-03T01:28:24Z">
          <reporter-output>
          </reporter-output>
        </test-method> <!-- setUpClass -->
        <test-method status="PASS" signature="runScenario(cucumber.api.testng.PickleEventWrapper, cucumber.api.testng.CucumberFeatureWrapper)[pri:0, instance:com.fourstay.runners.CukesRunner@1d371b2d]" name="runScenario" duration-ms="2036" started-at="2018-06-03T01:28:25Z" description="Runs Cucumber Scenarios" data-provider="scenarios" finished-at="2018-06-03T01:28:27Z">
          <params>
            <param index="0">
              <value>
                <![CDATA["request invalid number of names"]]>
              </value>
            </param>
            <param index="1">
              <value>
                <![CDATA["Profile for customer verify api"]]>
              </value>
            </param>
          </params>
          <reporter-output>
            <line>
              <![CDATA[<div "result">the user sends a request for zero names (PASSED : 1s)</div>]]>
            </line>
            <line>
              <![CDATA[<div "result">we should get back a invalid status code of 400 (PASSED : 0s)</div>]]>
            </line>
            <line>
              <![CDATA[<div "result">the error message should say &quot;Amount of requested names exceeds maximum allowed&quot; (PASSED : 0s)</div>]]>
            </line>
          </reporter-output>
        </test-method> <!-- runScenario -->
        <test-method status="PASS" signature="tearDownClass()[pri:0, instance:com.fourstay.runners.CukesRunner@1d371b2d]" name="tearDownClass" is-config="true" duration-ms="58" started-at="2018-06-03T01:28:27Z" finished-at="2018-06-03T01:28:27Z">
          <reporter-output>
          </reporter-output>
        </test-method> <!-- tearDownClass -->
      </class> <!-- com.fourstay.runners.CukesRunner -->
    </test> <!-- Default test -->
  </suite> <!-- Default suite -->
</testng-results>
