<?xml version="1.0" encoding="UTF-8"?>
<testng-results skipped="0" failed="0" ignored="0" total="1" passed="1">
  <reporter-output>
    <line>
      <![CDATA[<div "result">the user sends request for a female name (PASSED : 1s)</div>]]>
    </line>
    <line>
      <![CDATA[<div "result">we should get back a valid status code (PASSED : 0s)</div>]]>
    </line>
    <line>
      <![CDATA[<div "result">gender should be female (PASSED : 0s)</div>]]>
    </line>
  </reporter-output>
  <suite name="Default suite" duration-ms="2070" started-at="2018-06-02T01:31:12Z" finished-at="2018-06-02T01:31:14Z">
    <groups>
      <group name="cucumber">
        <method signature="AbstractTestNGCucumberTests.runScenario(cucumber.api.testng.PickleEventWrapper, cucumber.api.testng.CucumberFeatureWrapper)[pri:0, instance:com.fourstay.runners.CukesRunner@1d371b2d]" name="runScenario" class="cucumber.api.testng.AbstractTestNGCucumberTests"/>
      </group> <!-- cucumber -->
    </groups>
    <test name="Default test" duration-ms="2070" started-at="2018-06-02T01:31:12Z" finished-at="2018-06-02T01:31:14Z">
      <class name="com.fourstay.runners.CukesRunner">
        <test-method status="PASS" signature="setUpClass()[pri:0, instance:com.fourstay.runners.CukesRunner@1d371b2d]" name="setUpClass" is-config="true" duration-ms="155" started-at="2018-06-02T01:31:12Z" finished-at="2018-06-02T01:31:12Z">
          <reporter-output>
          </reporter-output>
        </test-method> <!-- setUpClass -->
        <test-method status="PASS" signature="runScenario(cucumber.api.testng.PickleEventWrapper, cucumber.api.testng.CucumberFeatureWrapper)[pri:0, instance:com.fourstay.runners.CukesRunner@1d371b2d]" name="runScenario" duration-ms="1758" started-at="2018-06-02T01:31:12Z" description="Runs Cucumber Scenarios" data-provider="scenarios" finished-at="2018-06-02T01:31:14Z">
          <params>
            <param index="0">
              <value>
                <![CDATA["verifying number of customers in api"]]>
              </value>
            </param>
            <param index="1">
              <value>
                <![CDATA["Profile for customer verify api"]]>
              </value>
            </param>
          </params>
          <reporter-output>
            <line>
              <![CDATA[<div "result">the user sends request for a female name (PASSED : 1s)</div>]]>
            </line>
            <line>
              <![CDATA[<div "result">we should get back a valid status code (PASSED : 0s)</div>]]>
            </line>
            <line>
              <![CDATA[<div "result">gender should be female (PASSED : 0s)</div>]]>
            </line>
          </reporter-output>
        </test-method> <!-- runScenario -->
        <test-method status="PASS" signature="tearDownClass()[pri:0, instance:com.fourstay.runners.CukesRunner@1d371b2d]" name="tearDownClass" is-config="true" duration-ms="48" started-at="2018-06-02T01:31:14Z" finished-at="2018-06-02T01:31:14Z">
          <reporter-output>
          </reporter-output>
        </test-method> <!-- tearDownClass -->
      </class> <!-- com.fourstay.runners.CukesRunner -->
    </test> <!-- Default test -->
  </suite> <!-- Default suite -->
</testng-results>
